Unity Editor version:    2022.3.32f1 (c8300dc0a3fa)
Branch:                  2022.3/staging
Build type:              Release
Batch mode:              YES
macOS version:           Version 14.5 (Build 23F79)
Darwin version:          23.5.0
Architecture:            arm64
Running under Rosetta:   NO
Available memory:        8192 MB
Using pre-set license
Pro License: YES

COMMAND LINE ARGUMENTS:
/Applications/Unity/Hub/Editor/2022.3.32f1/Unity.app/Contents/MacOS/Unity
-adb2
-batchMode
-noUpm
-name
AssetImportWorker1
-projectPath
/Users/abhinayreddy/Desktop/Escape Muesum
-logFile
Logs/AssetImportWorker1.log
-srvPort
58632
Successfully changed project path to: /Users/abhinayreddy/Desktop/Escape Muesum
/Users/abhinayreddy/Desktop/Escape Muesum
[UnityMemory] Configuration Parameters - Can be set up in boot.config
    "memorysetup-bucket-allocator-granularity=16"
    "memorysetup-bucket-allocator-bucket-count=8"
    "memorysetup-bucket-allocator-block-size=33554432"
    "memorysetup-bucket-allocator-block-count=8"
    "memorysetup-main-allocator-block-size=16777216"
    "memorysetup-thread-allocator-block-size=16777216"
    "memorysetup-gfx-main-allocator-block-size=16777216"
    "memorysetup-gfx-thread-allocator-block-size=16777216"
    "memorysetup-cache-allocator-block-size=4194304"
    "memorysetup-typetree-allocator-block-size=2097152"
    "memorysetup-profiler-bucket-allocator-granularity=16"
    "memorysetup-profiler-bucket-allocator-bucket-count=8"
    "memorysetup-profiler-bucket-allocator-block-size=33554432"
    "memorysetup-profiler-bucket-allocator-block-count=8"
    "memorysetup-profiler-allocator-block-size=16777216"
    "memorysetup-profiler-editor-allocator-block-size=1048576"
    "memorysetup-temp-allocator-size-main=16777216"
    "memorysetup-job-temp-allocator-block-size=2097152"
    "memorysetup-job-temp-allocator-block-size-background=1048576"
    "memorysetup-job-temp-allocator-reduction-small-platforms=262144"
    "memorysetup-allocator-temp-initial-block-size-main=262144"
    "memorysetup-allocator-temp-initial-block-size-worker=262144"
    "memorysetup-temp-allocator-size-background-worker=32768"
    "memorysetup-temp-allocator-size-job-worker=262144"
    "memorysetup-temp-allocator-size-preload-manager=33554432"
    "memorysetup-temp-allocator-size-nav-mesh-worker=65536"
    "memorysetup-temp-allocator-size-audio-worker=65536"
    "memorysetup-temp-allocator-size-cloud-worker=32768"
    "memorysetup-temp-allocator-size-gi-baking-worker=262144"
    "memorysetup-temp-allocator-size-gfx=262144"
Player connection [8364936192] Host "[IP] 192.168.29.131 [Port] 0 [Flags] 2 [Guid] 1012774783 [EditorId] 1012774783 [Version] 1048832 [Id] OSXEditor(0,Abhinays-MacBook-Air.local) [Debug] 1 [PackageName] OSXEditor [ProjectName] Editor" joined multi-casting on [225.0.0.222:54997]...

Player connection [8364936192] Host "[IP] 192.168.29.131 [Port] 0 [Flags] 2 [Guid] 1012774783 [EditorId] 1012774783 [Version] 1048832 [Id] OSXEditor(0,Abhinays-MacBook-Air.local) [Debug] 1 [PackageName] OSXEditor [ProjectName] Editor" joined alternative multi-casting on [225.0.0.222:34997]...

[PhysX] Initialized MultithreadedTaskDispatcher with 8 workers.
Refreshing native plugins compatible for Editor in 3.24 ms, found 0 plugins.
Preloading 0 native plugins for Editor in 0.00 ms.
Initialize engine version: 2022.3.32f1 (c8300dc0a3fa)
[Subsystems] Discovering subsystems at path /Applications/Unity/Hub/Editor/2022.3.32f1/Unity.app/Contents/Resources/UnitySubsystems
[Subsystems] Discovering subsystems at path /Users/abhinayreddy/Desktop/Escape Muesum/Assets
GfxDevice: creating device client; threaded=0; jobified=0
 preferred device: Apple M1 (high power)
Metal devices available: 1
0: Apple M1 (high power)
Using device Apple M1 (high power)
Initializing Metal device caps: Apple M1
Shader 'GoogleVR/Demos/VideoDemo InsideShader': fallback shader 'Mobile/VertextLit' not found
Shader 'GoogleVR/Demos/VideoDemo StereoShader': fallback shader 'Mobile/VertextLit' not found
Initialize mono
Mono path[0] = '/Applications/Unity/Hub/Editor/2022.3.32f1/Unity.app/Contents/Managed'
Mono path[1] = '/Applications/Unity/Hub/Editor/2022.3.32f1/Unity.app/Contents/MonoBleedingEdge/lib/mono/unityjit-macos'
Mono config path = '/Applications/Unity/Hub/Editor/2022.3.32f1/Unity.app/Contents/MonoBleedingEdge/etc'
Using monoOptions --debugger-agent=transport=dt_socket,embedding=1,server=y,suspend=n,address=127.0.0.1:56213
Begin MonoManager ReloadAssembly
Registering precompiled unity dll's ...
Register platform support module: /Applications/Unity/Hub/Editor/2022.3.32f1/PlaybackEngines/WebGLSupport/UnityEditor.WebGL.Extensions.dll
Register platform support module: /Applications/Unity/Hub/Editor/2022.3.32f1/Unity.app/Contents/PlaybackEngines/MacStandaloneSupport/UnityEditor.OSXStandalone.Extensions.dll
Registered in 0.002579 seconds.
- Loaded All Assemblies, in  0.255 seconds
Native extension for OSXStandalone target not found
Native extension for WebGL target not found
Mono: successfully reloaded assembly
- Finished resetting the current domain, in  0.166 seconds
Domain Reload Profiling: 421ms
	BeginReloadAssembly (86ms)
		ExecutionOrderSort (0ms)
		DisableScriptedObjects (0ms)
		BackupInstance (0ms)
		ReleaseScriptingObjects (0ms)
		CreateAndSetChildDomain (0ms)
	RebuildCommonClasses (24ms)
	RebuildNativeTypeToScriptingClass (8ms)
	initialDomainReloadingComplete (32ms)
	LoadAllAssembliesAndSetupDomain (105ms)
		LoadAssemblies (87ms)
		RebuildTransferFunctionScriptingTraits (0ms)
		AnalyzeDomain (103ms)
			TypeCache.Refresh (102ms)
				TypeCache.ScanAssembly (92ms)
			ScanForSourceGeneratedMonoScriptInfo (0ms)
			ResolveRequiredComponents (0ms)
	FinalizeReload (166ms)
		ReleaseScriptCaches (0ms)
		RebuildScriptCaches (0ms)
		SetupLoadedEditorAssemblies (127ms)
			LogAssemblyErrors (0ms)
			InitializePlatformSupportModulesInManaged (6ms)
			SetLoadedEditorAssemblies (4ms)
			RefreshPlugins (0ms)
			BeforeProcessingInitializeOnLoad (1ms)
			ProcessInitializeOnLoadAttributes (88ms)
			ProcessInitializeOnLoadMethodAttributes (28ms)
			AfterProcessingInitializeOnLoad (0ms)
			EditorAssembliesLoaded (0ms)
		ExecutionOrderSort2 (0ms)
		AwakeInstancesAfterBackupRestoration (0ms)
========================================================================
Worker process is ready to serve import requests
Begin MonoManager ReloadAssembly
- Loaded All Assemblies, in  0.178 seconds
Refreshing native plugins compatible for Editor in 0.59 ms, found 0 plugins.
Native extension for OSXStandalone target not found
Native extension for WebGL target not found
Mono: successfully reloaded assembly
- Finished resetting the current domain, in  0.182 seconds
Domain Reload Profiling: 360ms
	BeginReloadAssembly (86ms)
		ExecutionOrderSort (0ms)
		DisableScriptedObjects (3ms)
		BackupInstance (0ms)
		ReleaseScriptingObjects (0ms)
		CreateAndSetChildDomain (19ms)
	RebuildCommonClasses (24ms)
	RebuildNativeTypeToScriptingClass (8ms)
	initialDomainReloadingComplete (21ms)
	LoadAllAssembliesAndSetupDomain (38ms)
		LoadAssemblies (73ms)
		RebuildTransferFunctionScriptingTraits (0ms)
		AnalyzeDomain (9ms)
			TypeCache.Refresh (8ms)
				TypeCache.ScanAssembly (5ms)
			ScanForSourceGeneratedMonoScriptInfo (0ms)
			ResolveRequiredComponents (0ms)
	FinalizeReload (183ms)
		ReleaseScriptCaches (0ms)
		RebuildScriptCaches (0ms)
		SetupLoadedEditorAssemblies (104ms)
			LogAssemblyErrors (0ms)
			InitializePlatformSupportModulesInManaged (3ms)
			SetLoadedEditorAssemblies (2ms)
			RefreshPlugins (0ms)
			BeforeProcessingInitializeOnLoad (12ms)
			ProcessInitializeOnLoadAttributes (76ms)
			ProcessInitializeOnLoadMethodAttributes (11ms)
			AfterProcessingInitializeOnLoad (1ms)
			EditorAssembliesLoaded (0ms)
		ExecutionOrderSort2 (0ms)
		AwakeInstancesAfterBackupRestoration (2ms)
Shader 'GoogleVR/Demos/VideoDemo StereoShader': fallback shader 'Mobile/VertextLit' not found
Shader 'GoogleVR/Demos/VideoDemo InsideShader': fallback shader 'Mobile/VertextLit' not found
Launching external process: /Applications/Unity/Hub/Editor/2022.3.32f1/Unity.app/Contents/Tools/UnityShaderCompiler
Launched and connected shader compiler UnityShaderCompiler after 0.04 seconds
Refreshing native plugins compatible for Editor in 0.69 ms, found 0 plugins.
Preloading 0 native plugins for Editor in 0.00 ms.
Unloading 155 Unused Serialized files (Serialized files now loaded: 0)
Unloading 17 unused Assets / (60.2 KB). Loaded Objects now: 621.
Memory consumption went from 59.6 MB to 59.5 MB.
Total: 1.842958 ms (FindLiveObjects: 0.028834 ms CreateObjectMapping: 0.004917 ms MarkObjects: 1.755708 ms  DeleteObjects: 0.053125 ms)

AssetImportParameters requested are different than current active one (requested -> active):
  custom:video-decoder-ogg-theora: a1e56fd34408186e4bbccfd4996cb3dc -> 
  custom:container-muxer-webm: aa71ff27fc2769a1b78a27578f13a17b -> 
  custom:container-demuxer-webm: 4f35f7cbe854078d1ac9338744f61a02 -> 
  custom:video-encoder-webm-vp8: eb34c28f22e8b96e1ab97ce403110664 -> 
  custom:framework-osx-AVFoundation: e770b220cccbd017edd2c1fefb359320 -> 
  custom:CustomObjectIndexerAttribute: 9a22284fe3817be447336de3de66b15e -> 
  custom:audio-encoder-webm-vorbis: bf7c407c2cedff20999df2af8eb42d56 -> 
  custom:SearchIndexIgnoredProperties: e643bd26f0fe6173181afceb89e7c659 -> 
  custom:container-demuxer-ogg: 62fdf1f143b41e24485cea50d1cbac27 -> 
  custom:video-decoder-webm-vp8: 9c59270c3fd7afecdb556c50c9e8de78 -> 
  custom:audio-decoder-ogg-vorbis: bf7c407c2cedff20999df2af8eb42d56 -> 
  custom:AudioImporter_EditorPlatform: 3918e3fc78b5a79bad01e8451be0beb8 -> 
========================================================================
Received Import Request.
  Time since last request: 49707.063098 seconds.
  path: Assets/Sounds/Sergei Prokofiev - Romeo and Juliet, Op. 64, Montagus and Capulets.mp3
  artifactKey: Guid(9d14b8d71a33f3047ae1fbc117166e97) Importer(815301076,1909f56bfc062723c751e8b465ee728b)
Start importing Assets/Sounds/Sergei Prokofiev - Romeo and Juliet, Op. 64, Montagus and Capulets.mp3 using Guid(9d14b8d71a33f3047ae1fbc117166e97) Importer(815301076,1909f56bfc062723c751e8b465ee728b) [PhysX] Initialized MultithreadedTaskDispatcher with 8 workers.
[PhysX] Initialized MultithreadedTaskDispatcher with 8 workers.
 -> (artifact id: '845e24eb66f0abb3d8aae57216b42d15') in 0.369423 seconds
Number of updated asset objects reloaded before import = 0
Number of asset objects unloaded after import = 2
========================================================================
Received Import Request.
  Time since last request: 0.000050 seconds.
  path: Assets/Sounds/victory.mp3
  artifactKey: Guid(43e17ffa949d1c1489de6c9fde7bdf09) Importer(815301076,1909f56bfc062723c751e8b465ee728b)
Start importing Assets/Sounds/victory.mp3 using Guid(43e17ffa949d1c1489de6c9fde7bdf09) Importer(815301076,1909f56bfc062723c751e8b465ee728b) [PhysX] Initialized MultithreadedTaskDispatcher with 8 workers.
[PhysX] Initialized MultithreadedTaskDispatcher with 8 workers.
 -> (artifact id: '74ce174f7f9d53a3e08e59e4e718a315') in 0.116945 seconds
Number of updated asset objects reloaded before import = 0
Number of asset objects unloaded after import = 2
========================================================================
Received Import Request.
  Time since last request: 0.000211 seconds.
  path: Assets/Sounds/Door_Opened.wav
  artifactKey: Guid(1eeb3652612908b41ba93e5a1789be98) Importer(815301076,1909f56bfc062723c751e8b465ee728b)
Start importing Assets/Sounds/Door_Opened.wav using Guid(1eeb3652612908b41ba93e5a1789be98) Importer(815301076,1909f56bfc062723c751e8b465ee728b) [PhysX] Initialized MultithreadedTaskDispatcher with 8 workers.
[PhysX] Initialized MultithreadedTaskDispatcher with 8 workers.
 -> (artifact id: 'e850285581c34aef45a2b7c27080a290') in 0.004746 seconds
Number of updated asset objects reloaded before import = 0
Number of asset objects unloaded after import = 2
========================================================================
Received Import Request.
  Time since last request: 0.000171 seconds.
  path: Assets/Sounds/Waypoint.wav
  artifactKey: Guid(ba86a1e6ecb9df743b90fdf952cac331) Importer(815301076,1909f56bfc062723c751e8b465ee728b)
Start importing Assets/Sounds/Waypoint.wav using Guid(ba86a1e6ecb9df743b90fdf952cac331) Importer(815301076,1909f56bfc062723c751e8b465ee728b) [PhysX] Initialized MultithreadedTaskDispatcher with 8 workers.
[PhysX] Initialized MultithreadedTaskDispatcher with 8 workers.
 -> (artifact id: '0c2681dd7dbd674843425841c5143e38') in 0.006226 seconds
Number of updated asset objects reloaded before import = 0
Number of asset objects unloaded after import = 2
========================================================================
Received Import Request.
  Time since last request: 0.000300 seconds.
  path: Assets/Sounds/garota_de_ipanema.mp3
  artifactKey: Guid(c0480e024cabd4a4c9200d7f88a96285) Importer(815301076,1909f56bfc062723c751e8b465ee728b)
Start importing Assets/Sounds/garota_de_ipanema.mp3 using Guid(c0480e024cabd4a4c9200d7f88a96285) Importer(815301076,1909f56bfc062723c751e8b465ee728b) [PhysX] Initialized MultithreadedTaskDispatcher with 8 workers.
[PhysX] Initialized MultithreadedTaskDispatcher with 8 workers.
 -> (artifact id: 'b258071e57cf5e63435d3fd8a19e1cbf') in 0.223295 seconds
Number of updated asset objects reloaded before import = 0
Number of asset objects unloaded after import = 2
========================================================================
Received Import Request.
  Time since last request: 89.117850 seconds.
  path: Assets/Textures/wood.jpg
  artifactKey: Guid(18bdd82bc02d9584c8cdc67c991a5998) Importer(815301076,1909f56bfc062723c751e8b465ee728b)
Start importing Assets/Textures/wood.jpg using Guid(18bdd82bc02d9584c8cdc67c991a5998) Importer(815301076,1909f56bfc062723c751e8b465ee728b) [PhysX] Initialized MultithreadedTaskDispatcher with 8 workers.
[PhysX] Initialized MultithreadedTaskDispatcher with 8 workers.
 -> (artifact id: 'bef1886456564ca35244679528bc514d') in 0.041959 seconds
Number of updated asset objects reloaded before import = 0
Number of asset objects unloaded after import = 2
========================================================================
Received Import Request.
  Time since last request: 5.989873 seconds.
  path: Assets/Scenes/01-Museum/Lightmap-0_comp_dir.png
  artifactKey: Guid(eea27fc1dc6207a4aad30e61174ed1d8) Importer(815301076,1909f56bfc062723c751e8b465ee728b)
Start importing Assets/Scenes/01-Museum/Lightmap-0_comp_dir.png using Guid(eea27fc1dc6207a4aad30e61174ed1d8) Importer(815301076,1909f56bfc062723c751e8b465ee728b) [PhysX] Initialized MultithreadedTaskDispatcher with 8 workers.
[PhysX] Initialized MultithreadedTaskDispatcher with 8 workers.
 -> (artifact id: '0b14091709d521312dc66bdf332fb25b') in 0.007324 seconds
Number of updated asset objects reloaded before import = 0
Number of asset objects unloaded after import = 2
========================================================================
Received Import Request.
  Time since last request: 0.000150 seconds.
  path: Assets/Scenes/01-Museum/Lightmap-2_comp_light.exr
  artifactKey: Guid(95bba9cef49c9bf40bf9ce2a6d912963) Importer(815301076,1909f56bfc062723c751e8b465ee728b)
Start importing Assets/Scenes/01-Museum/Lightmap-2_comp_light.exr using Guid(95bba9cef49c9bf40bf9ce2a6d912963) Importer(815301076,1909f56bfc062723c751e8b465ee728b) [PhysX] Initialized MultithreadedTaskDispatcher with 8 workers.
[PhysX] Initialized MultithreadedTaskDispatcher with 8 workers.
 -> (artifact id: '77a10e53e41ff25b8344c2f59be05bb7') in 0.008918 seconds
Number of updated asset objects reloaded before import = 0
Number of asset objects unloaded after import = 2
========================================================================
Received Import Request.
  Time since last request: 0.000119 seconds.
  path: Assets/Scenes/01-Museum/Lightmap-1_comp_light.exr
  artifactKey: Guid(542929946f9e5584dbcc5e17268ed27a) Importer(815301076,1909f56bfc062723c751e8b465ee728b)
Start importing Assets/Scenes/01-Museum/Lightmap-1_comp_light.exr using Guid(542929946f9e5584dbcc5e17268ed27a) Importer(815301076,1909f56bfc062723c751e8b465ee728b) [PhysX] Initialized MultithreadedTaskDispatcher with 8 workers.
[PhysX] Initialized MultithreadedTaskDispatcher with 8 workers.
 -> (artifact id: '30aabb2d8471d7f0efc655c4931b84f7') in 0.005035 seconds
Number of updated asset objects reloaded before import = 0
Number of asset objects unloaded after import = 2
========================================================================
Received Import Request.
  Time since last request: 0.000116 seconds.
  path: Assets/Scenes/01-Museum/Lightmap-1_comp_dir.png
  artifactKey: Guid(e8c0959e71341054facc607735438387) Importer(815301076,1909f56bfc062723c751e8b465ee728b)
Start importing Assets/Scenes/01-Museum/Lightmap-1_comp_dir.png using Guid(e8c0959e71341054facc607735438387) Importer(815301076,1909f56bfc062723c751e8b465ee728b) [PhysX] Initialized MultithreadedTaskDispatcher with 8 workers.
[PhysX] Initialized MultithreadedTaskDispatcher with 8 workers.
 -> (artifact id: 'd696c57c5a38cf54532acacf2fffee3c') in 0.005620 seconds
Number of updated asset objects reloaded before import = 0
Number of asset objects unloaded after import = 2
========================================================================
Received Import Request.
  Time since last request: 0.000119 seconds.
  path: Assets/Scenes/01-Museum/Lightmap-2_comp_dir.png
  artifactKey: Guid(0be31c0604ad3f14d96d541f80467113) Importer(815301076,1909f56bfc062723c751e8b465ee728b)
Start importing Assets/Scenes/01-Museum/Lightmap-2_comp_dir.png using Guid(0be31c0604ad3f14d96d541f80467113) Importer(815301076,1909f56bfc062723c751e8b465ee728b) [PhysX] Initialized MultithreadedTaskDispatcher with 8 workers.
[PhysX] Initialized MultithreadedTaskDispatcher with 8 workers.
 -> (artifact id: 'c1350d1fb028e0842210a3ce165545de') in 0.004077 seconds
Number of updated asset objects reloaded before import = 0
Number of asset objects unloaded after import = 2
========================================================================
Received Import Request.
  Time since last request: 0.000188 seconds.
  path: Assets/Scenes/01-Museum/ReflectionProbe-0.exr
  artifactKey: Guid(6c505a51a5b627c41a09f84aa04b20fa) Importer(815301076,1909f56bfc062723c751e8b465ee728b)
Start importing Assets/Scenes/01-Museum/ReflectionProbe-0.exr using Guid(6c505a51a5b627c41a09f84aa04b20fa) Importer(815301076,1909f56bfc062723c751e8b465ee728b) [PhysX] Initialized MultithreadedTaskDispatcher with 8 workers.
[PhysX] Initialized MultithreadedTaskDispatcher with 8 workers.
[PhysX] Initialized MultithreadedTaskDispatcher with 8 workers.
 -> (artifact id: 'ee3643d141f61b5174f1cccf0e125a25') in 0.014169 seconds
Number of updated asset objects reloaded before import = 0
Number of asset objects unloaded after import = 1
========================================================================
Received Import Request.
  Time since last request: 0.000044 seconds.
  path: Assets/Scenes/01-Museum/ReflectionProbe-1.exr
  artifactKey: Guid(73264380b24a69f41a1b72f3e446ec82) Importer(815301076,1909f56bfc062723c751e8b465ee728b)
Start importing Assets/Scenes/01-Museum/ReflectionProbe-1.exr using Guid(73264380b24a69f41a1b72f3e446ec82) Importer(815301076,1909f56bfc062723c751e8b465ee728b) [PhysX] Initialized MultithreadedTaskDispatcher with 8 workers.
[PhysX] Initialized MultithreadedTaskDispatcher with 8 workers.
[PhysX] Initialized MultithreadedTaskDispatcher with 8 workers.
 -> (artifact id: 'ae62fea20ae467ae6165fdf3624fe3a7') in 0.004887 seconds
Number of updated asset objects reloaded before import = 0
Number of asset objects unloaded after import = 1
========================================================================
Received Import Request.
  Time since last request: 7.327235 seconds.
  path: Assets/Prefabs/frames.FBX
  artifactKey: Guid(433157b623e61e24298b545d4f8d2b02) Importer(815301076,1909f56bfc062723c751e8b465ee728b)
Start importing Assets/Prefabs/frames.FBX using Guid(433157b623e61e24298b545d4f8d2b02) Importer(815301076,1909f56bfc062723c751e8b465ee728b) [PhysX] Initialized MultithreadedTaskDispatcher with 8 workers.
[PhysX] Initialized MultithreadedTaskDispatcher with 8 workers.
[PhysX] Initialized MultithreadedTaskDispatcher with 8 workers.
 -> (artifact id: 'f867644a6734620975c068b5f8ea9bf4') in 0.106487 seconds
Number of updated asset objects reloaded before import = 0
Number of asset objects unloaded after import = 11
========================================================================
Received Import Request.
  Time since last request: 0.000033 seconds.
  path: Assets/Prefabs/PIC-FRAME-FBX.fbx
  artifactKey: Guid(6b5d5e509ebaac4468aa33411ff8835a) Importer(815301076,1909f56bfc062723c751e8b465ee728b)
Start importing Assets/Prefabs/PIC-FRAME-FBX.fbx using Guid(6b5d5e509ebaac4468aa33411ff8835a) Importer(815301076,1909f56bfc062723c751e8b465ee728b) [PhysX] Initialized MultithreadedTaskDispatcher with 8 workers.
[PhysX] Initialized MultithreadedTaskDispatcher with 8 workers.
[PhysX] Initialized MultithreadedTaskDispatcher with 8 workers.
[PhysX] Initialized MultithreadedTaskDispatcher with 8 workers.
[PhysX] Initialized MultithreadedTaskDispatcher with 8 workers.
[PhysX] Initialized MultithreadedTaskDispatcher with 8 workers.
[PhysX] Initialized MultithreadedTaskDispatcher with 8 workers.
[PhysX] Initialized MultithreadedTaskDispatcher with 8 workers.
[PhysX] Initialized MultithreadedTaskDispatcher with 8 workers.
[PhysX] Initialized MultithreadedTaskDispatcher with 8 workers.
[PhysX] Initialized MultithreadedTaskDispatcher with 8 workers.
[PhysX] Initialized MultithreadedTaskDispatcher with 8 workers.
[PhysX] Initialized MultithreadedTaskDispatcher with 8 workers.
 -> (artifact id: 'f679732e75a20ab15331d1f592f88fbf') in 0.190317 seconds
Number of updated asset objects reloaded before import = 0
Number of asset objects unloaded after import = 70
========================================================================
Received Import Request.
  Time since last request: 0.000067 seconds.
  path: Assets/Prefabs/Pillar.prefab
  artifactKey: Guid(f2bdb0f74d51fc145942fe6611810886) Importer(815301076,1909f56bfc062723c751e8b465ee728b)
Start importing Assets/Prefabs/Pillar.prefab using Guid(f2bdb0f74d51fc145942fe6611810886) Importer(815301076,1909f56bfc062723c751e8b465ee728b) [PhysX] Initialized MultithreadedTaskDispatcher with 8 workers.
[PhysX] Initialized MultithreadedTaskDispatcher with 8 workers.
 -> (artifact id: '6aa4e794ac338496ce882397f9d2a992') in 0.006226 seconds
Number of updated asset objects reloaded before import = 0
Number of asset objects unloaded after import = 12
========================================================================
Received Import Request.
  Time since last request: 0.000097 seconds.
  path: Assets/Prefabs/Maze_scene.fbx
  artifactKey: Guid(67e3b4e985777684da50f13222c7e29d) Importer(815301076,1909f56bfc062723c751e8b465ee728b)
Start importing Assets/Prefabs/Maze_scene.fbx using Guid(67e3b4e985777684da50f13222c7e29d) Importer(815301076,1909f56bfc062723c751e8b465ee728b) [PhysX] Initialized MultithreadedTaskDispatcher with 8 workers.
[PhysX] Initialized MultithreadedTaskDispatcher with 8 workers.
[PhysX] Initialized MultithreadedTaskDispatcher with 8 workers.
[PhysX] Initialized MultithreadedTaskDispatcher with 8 workers.
[PhysX] Initialized MultithreadedTaskDispatcher with 8 workers.
[PhysX] Initialized MultithreadedTaskDispatcher with 8 workers.
[PhysX] Initialized MultithreadedTaskDispatcher with 8 workers.
[PhysX] Initialized MultithreadedTaskDispatcher with 8 workers.
[PhysX] Initialized MultithreadedTaskDispatcher with 8 workers.
[PhysX] Initialized MultithreadedTaskDispatcher with 8 workers.
[PhysX] Initialized MultithreadedTaskDispatcher with 8 workers.
[PhysX] Initialized MultithreadedTaskDispatcher with 8 workers.
[PhysX] Initialized MultithreadedTaskDispatcher with 8 workers.
[PhysX] Initialized MultithreadedTaskDispatcher with 8 workers.
[PhysX] Initialized MultithreadedTaskDispatcher with 8 workers.
[PhysX] Initialized MultithreadedTaskDispatcher with 8 workers.
[PhysX] Initialized MultithreadedTaskDispatcher with 8 workers.
[PhysX] Initialized MultithreadedTaskDispatcher with 8 workers.
[PhysX] Initialized MultithreadedTaskDispatcher with 8 workers.
[PhysX] Initialized MultithreadedTaskDispatcher with 8 workers.
[PhysX] Initialized MultithreadedTaskDispatcher with 8 workers.
[PhysX] Initialized MultithreadedTaskDispatcher with 8 workers.
[PhysX] Initialized MultithreadedTaskDispatcher with 8 workers.
[PhysX] Initialized MultithreadedTaskDispatcher with 8 workers.
[PhysX] Initialized MultithreadedTaskDispatcher with 8 workers.
[PhysX] Initialized MultithreadedTaskDispatcher with 8 workers.
[PhysX] Initialized MultithreadedTaskDispatcher with 8 workers.
[PhysX] Initialized MultithreadedTaskDispatcher with 8 workers.
[PhysX] Initialized MultithreadedTaskDispatcher with 8 workers.
[PhysX] Initialized MultithreadedTaskDispatcher with 8 workers.
[PhysX] Initialized MultithreadedTaskDispatcher with 8 workers.
[PhysX] Initialized MultithreadedTaskDispatcher with 8 workers.
[PhysX] Initialized MultithreadedTaskDispatcher with 8 workers.
[PhysX] Initialized MultithreadedTaskDispatcher with 8 workers.
[PhysX] Initialized MultithreadedTaskDispatcher with 8 workers.
[PhysX] Initialized MultithreadedTaskDispatcher with 8 workers.
 -> (artifact id: '9bdc14a1f987d8eb3cf2668be41c384d') in 0.148800 seconds
Number of updated asset objects reloaded before import = 0
Number of asset objects unloaded after import = 102
========================================================================
Received Import Request.
  Time since last request: 0.000042 seconds.
  path: Assets/Prefabs/Waypoint.prefab
  artifactKey: Guid(6e459f7f615019e4ca575e7b53f45a47) Importer(815301076,1909f56bfc062723c751e8b465ee728b)
Start importing Assets/Prefabs/Waypoint.prefab using Guid(6e459f7f615019e4ca575e7b53f45a47) Importer(815301076,1909f56bfc062723c751e8b465ee728b) [PhysX] Initialized MultithreadedTaskDispatcher with 8 workers.
[PhysX] Initialized MultithreadedTaskDispatcher with 8 workers.
 -> (artifact id: 'd1598dbd97ba06bfae37fd1ad3baf6f1') in 0.024660 seconds
Number of updated asset objects reloaded before import = 0
Number of asset objects unloaded after import = 18
========================================================================
Received Import Request.
  Time since last request: 13.710408 seconds.
  path: Assets/Pictures/984px-Peter_Paul_Rubens_Massacre_of_the_Innocents.jpg
  artifactKey: Guid(2b484fe6be0710245b535f742cff2da7) Importer(815301076,1909f56bfc062723c751e8b465ee728b)
Start importing Assets/Pictures/984px-Peter_Paul_Rubens_Massacre_of_the_Innocents.jpg using Guid(2b484fe6be0710245b535f742cff2da7) Importer(815301076,1909f56bfc062723c751e8b465ee728b) [PhysX] Initialized MultithreadedTaskDispatcher with 8 workers.
[PhysX] Initialized MultithreadedTaskDispatcher with 8 workers.
 -> (artifact id: 'c7d2f7a7f10532ceeb24c3405232d702') in 0.009303 seconds
Number of updated asset objects reloaded before import = 0
Number of asset objects unloaded after import = 2
========================================================================
Received Import Request.
  Time since last request: 0.000152 seconds.
  path: Assets/Pictures/El_Aquelarre_(1797-1798).jpg
  artifactKey: Guid(7c66f010284561c479fa6fd365868e70) Importer(815301076,1909f56bfc062723c751e8b465ee728b)
Start importing Assets/Pictures/El_Aquelarre_(1797-1798).jpg using Guid(7c66f010284561c479fa6fd365868e70) Importer(815301076,1909f56bfc062723c751e8b465ee728b) [PhysX] Initialized MultithreadedTaskDispatcher with 8 workers.
[PhysX] Initialized MultithreadedTaskDispatcher with 8 workers.
 -> (artifact id: '2231029cd5ad08e02d35ad089e5763c0') in 0.005642 seconds
Number of updated asset objects reloaded before import = 0
Number of asset objects unloaded after import = 2
========================================================================
Received Import Request.
  Time since last request: 0.000207 seconds.
  path: Assets/Pictures/Triumph-Death-1024x730.jpg
  artifactKey: Guid(a93d6d0620de0e742a468f6075b848e5) Importer(815301076,1909f56bfc062723c751e8b465ee728b)
Start importing Assets/Pictures/Triumph-Death-1024x730.jpg using Guid(a93d6d0620de0e742a468f6075b848e5) Importer(815301076,1909f56bfc062723c751e8b465ee728b) [PhysX] Initialized MultithreadedTaskDispatcher with 8 workers.
[PhysX] Initialized MultithreadedTaskDispatcher with 8 workers.
 -> (artifact id: '05bd3131f095fb36410bdd2efbafec02') in 0.005468 seconds
Number of updated asset objects reloaded before import = 0
Number of asset objects unloaded after import = 2
========================================================================
Received Import Request.
  Time since last request: 0.000209 seconds.
  path: Assets/Pictures/adele.jpg
  artifactKey: Guid(62c419ea7cb2ad64f9e38632620a90cd) Importer(815301076,1909f56bfc062723c751e8b465ee728b)
Start importing Assets/Pictures/adele.jpg using Guid(62c419ea7cb2ad64f9e38632620a90cd) Importer(815301076,1909f56bfc062723c751e8b465ee728b) [PhysX] Initialized MultithreadedTaskDispatcher with 8 workers.
[PhysX] Initialized MultithreadedTaskDispatcher with 8 workers.
 -> (artifact id: '5260596a1e6f8d688d0ad82013996dbf') in 0.005952 seconds
Number of updated asset objects reloaded before import = 0
Number of asset objects unloaded after import = 2
========================================================================
Received Import Request.
  Time since last request: 0.000115 seconds.
  path: Assets/Pictures/moca.jpg
  artifactKey: Guid(f2ca6f47eb8ce0749acf15914d710e47) Importer(815301076,1909f56bfc062723c751e8b465ee728b)
Start importing Assets/Pictures/moca.jpg using Guid(f2ca6f47eb8ce0749acf15914d710e47) Importer(815301076,1909f56bfc062723c751e8b465ee728b) [PhysX] Initialized MultithreadedTaskDispatcher with 8 workers.
[PhysX] Initialized MultithreadedTaskDispatcher with 8 workers.
 -> (artifact id: '110414644a3af851f016652b24ec9f9e') in 0.004071 seconds
Number of updated asset objects reloaded before import = 0
Number of asset objects unloaded after import = 2
========================================================================
Received Import Request.
  Time since last request: 0.000144 seconds.
  path: Assets/Pictures/Bal_Du_Moulin_de_la_Galette.jpg
  artifactKey: Guid(97abb168c0452734fb83e77120e99d00) Importer(815301076,1909f56bfc062723c751e8b465ee728b)
Start importing Assets/Pictures/Bal_Du_Moulin_de_la_Galette.jpg using Guid(97abb168c0452734fb83e77120e99d00) Importer(815301076,1909f56bfc062723c751e8b465ee728b) [PhysX] Initialized MultithreadedTaskDispatcher with 8 workers.
[PhysX] Initialized MultithreadedTaskDispatcher with 8 workers.
 -> (artifact id: '54bcac660c56d24a5a9b18158ffa0729') in 0.004271 seconds
Number of updated asset objects reloaded before import = 0
Number of asset objects unloaded after import = 2
========================================================================
Received Import Request.
  Time since last request: 0.000059 seconds.
  path: Assets/Pictures/Abaporu.jpg
  artifactKey: Guid(0130e9f65ea330341b13a4bd35876f92) Importer(815301076,1909f56bfc062723c751e8b465ee728b)
Start importing Assets/Pictures/Abaporu.jpg using Guid(0130e9f65ea330341b13a4bd35876f92) Importer(815301076,1909f56bfc062723c751e8b465ee728b) [PhysX] Initialized MultithreadedTaskDispatcher with 8 workers.
[PhysX] Initialized MultithreadedTaskDispatcher with 8 workers.
 -> (artifact id: 'c0dcf87058f900bfffbd05b113380834') in 0.004250 seconds
Number of updated asset objects reloaded before import = 0
Number of asset objects unloaded after import = 2
========================================================================
Received Import Request.
  Time since last request: 0.000064 seconds.
  path: Assets/Pictures/Dora Maar with Cat.jpg
  artifactKey: Guid(f3c30130cc8c6bc4ab687e2729e6a65a) Importer(815301076,1909f56bfc062723c751e8b465ee728b)
Start importing Assets/Pictures/Dora Maar with Cat.jpg using Guid(f3c30130cc8c6bc4ab687e2729e6a65a) Importer(815301076,1909f56bfc062723c751e8b465ee728b) [PhysX] Initialized MultithreadedTaskDispatcher with 8 workers.
[PhysX] Initialized MultithreadedTaskDispatcher with 8 workers.
 -> (artifact id: '481017c21ee5964f1b8eecb31fc6d96c') in 0.003347 seconds
Number of updated asset objects reloaded before import = 0
Number of asset objects unloaded after import = 2
========================================================================
Received Import Request.
  Time since last request: 0.000196 seconds.
  path: Assets/Pictures/anewday.jpg
  artifactKey: Guid(ff991cf8543650344815d9b8498b064b) Importer(815301076,1909f56bfc062723c751e8b465ee728b)
Start importing Assets/Pictures/anewday.jpg using Guid(ff991cf8543650344815d9b8498b064b) Importer(815301076,1909f56bfc062723c751e8b465ee728b) [PhysX] Initialized MultithreadedTaskDispatcher with 8 workers.
[PhysX] Initialized MultithreadedTaskDispatcher with 8 workers.
 -> (artifact id: '13a1c4ebf0fc007ea3e3205538792a51') in 0.003684 seconds
Number of updated asset objects reloaded before import = 0
Number of asset objects unloaded after import = 2
========================================================================
Received Import Request.
  Time since last request: 0.000073 seconds.
  path: Assets/Pictures/a_criacao_das_sereias.jpg
  artifactKey: Guid(ae9c096a60abed742b9f817e6e1ffd15) Importer(815301076,1909f56bfc062723c751e8b465ee728b)
Start importing Assets/Pictures/a_criacao_das_sereias.jpg using Guid(ae9c096a60abed742b9f817e6e1ffd15) Importer(815301076,1909f56bfc062723c751e8b465ee728b) [PhysX] Initialized MultithreadedTaskDispatcher with 8 workers.
[PhysX] Initialized MultithreadedTaskDispatcher with 8 workers.
 -> (artifact id: 'ccbaf3d78fc73d65d532f29da7e417c5') in 0.004178 seconds
Number of updated asset objects reloaded before import = 0
Number of asset objects unloaded after import = 2
========================================================================
Received Import Request.
  Time since last request: 4.365734 seconds.
  path: Assets/Pictures/Materials/Abaporu.mat
  artifactKey: Guid(2f95be2d348e84940807aa4b6b3ec909) Importer(815301076,1909f56bfc062723c751e8b465ee728b)
Start importing Assets/Pictures/Materials/Abaporu.mat using Guid(2f95be2d348e84940807aa4b6b3ec909) Importer(815301076,1909f56bfc062723c751e8b465ee728b) [PhysX] Initialized MultithreadedTaskDispatcher with 8 workers.
[PhysX] Initialized MultithreadedTaskDispatcher with 8 workers.
 -> (artifact id: '139f837cff99ff928c82776a809eac9d') in 0.025509 seconds
Number of updated asset objects reloaded before import = 0
Number of asset objects unloaded after import = 2
========================================================================
Received Import Request.
  Time since last request: 0.000054 seconds.
  path: Assets/Pictures/Materials/moca.mat
  artifactKey: Guid(8e0a5c489fd9fa643a2de5542cbf6d39) Importer(815301076,1909f56bfc062723c751e8b465ee728b)
Start importing Assets/Pictures/Materials/moca.mat using Guid(8e0a5c489fd9fa643a2de5542cbf6d39) Importer(815301076,1909f56bfc062723c751e8b465ee728b) [PhysX] Initialized MultithreadedTaskDispatcher with 8 workers.
[PhysX] Initialized MultithreadedTaskDispatcher with 8 workers.
 -> (artifact id: '165a507d0588142c47a3e45f00fe1919') in 0.005309 seconds
Number of updated asset objects reloaded before import = 0
Number of asset objects unloaded after import = 2
========================================================================
Received Import Request.
  Time since last request: 0.000287 seconds.
  path: Assets/Pictures/Materials/mestico.mat
  artifactKey: Guid(432967258569e444886610a253a5eaed) Importer(815301076,1909f56bfc062723c751e8b465ee728b)
Start importing Assets/Pictures/Materials/mestico.mat using Guid(432967258569e444886610a253a5eaed) Importer(815301076,1909f56bfc062723c751e8b465ee728b) [PhysX] Initialized MultithreadedTaskDispatcher with 8 workers.
[PhysX] Initialized MultithreadedTaskDispatcher with 8 workers.
 -> (artifact id: '7b54ded02a699e18ab2661dd5e69d2a3') in 0.004914 seconds
Number of updated asset objects reloaded before import = 0
Number of asset objects unloaded after import = 2
========================================================================
Received Import Request.
  Time since last request: 0.000056 seconds.
  path: Assets/Pictures/Materials/Wraparound-cover-to-Softcover---a-massive-38x25-(1).mat
  artifactKey: Guid(de094bed07368f845b08ca49d35eac08) Importer(815301076,1909f56bfc062723c751e8b465ee728b)
Start importing Assets/Pictures/Materials/Wraparound-cover-to-Softcover---a-massive-38x25-(1).mat using Guid(de094bed07368f845b08ca49d35eac08) Importer(815301076,1909f56bfc062723c751e8b465ee728b) [PhysX] Initialized MultithreadedTaskDispatcher with 8 workers.
[PhysX] Initialized MultithreadedTaskDispatcher with 8 workers.
 -> (artifact id: '5e2d8c505457861aac51961b4faf1a28') in 0.115904 seconds
Number of updated asset objects reloaded before import = 0
Number of asset objects unloaded after import = 2
========================================================================
Received Import Request.
  Time since last request: 1.484867 seconds.
  path: Assets/Materials/Atlas_1.mat
  artifactKey: Guid(db1a140a4b9930945993fbc0df482154) Importer(815301076,1909f56bfc062723c751e8b465ee728b)
Start importing Assets/Materials/Atlas_1.mat using Guid(db1a140a4b9930945993fbc0df482154) Importer(815301076,1909f56bfc062723c751e8b465ee728b) [PhysX] Initialized MultithreadedTaskDispatcher with 8 workers.
[PhysX] Initialized MultithreadedTaskDispatcher with 8 workers.
 -> (artifact id: '2d2e89be2ef1f7e2274c1f76f853ee58') in 0.011124 seconds
Number of updated asset objects reloaded before import = 0
Number of asset objects unloaded after import = 2
========================================================================
Received Import Request.
  Time since last request: 0.000157 seconds.
  path: Assets/Materials/dead.mat
  artifactKey: Guid(166f0e2fd06a1fb45a6890c272e8d6e4) Importer(815301076,1909f56bfc062723c751e8b465ee728b)
Start importing Assets/Materials/dead.mat using Guid(166f0e2fd06a1fb45a6890c272e8d6e4) Importer(815301076,1909f56bfc062723c751e8b465ee728b) [PhysX] Initialized MultithreadedTaskDispatcher with 8 workers.
[PhysX] Initialized MultithreadedTaskDispatcher with 8 workers.
 -> (artifact id: 'ca4aafd3f33b315cd5ce9b4d4fd7e4f9') in 0.191149 seconds
Number of updated asset objects reloaded before import = 0
Number of asset objects unloaded after import = 3
========================================================================
Received Import Request.
  Time since last request: 0.000072 seconds.
  path: Assets/Materials/Waypoint.mat
  artifactKey: Guid(df897cffe12f04848b25d07cd817afa4) Importer(815301076,1909f56bfc062723c751e8b465ee728b)
Start importing Assets/Materials/Waypoint.mat using Guid(df897cffe12f04848b25d07cd817afa4) Importer(815301076,1909f56bfc062723c751e8b465ee728b) [PhysX] Initialized MultithreadedTaskDispatcher with 8 workers.
[PhysX] Initialized MultithreadedTaskDispatcher with 8 workers.
 -> (artifact id: '426270a2011849fc11cb65d6cd5125c5') in 0.077131 seconds
Number of updated asset objects reloaded before import = 0
Number of asset objects unloaded after import = 1
========================================================================
Received Import Request.
  Time since last request: 0.000167 seconds.
  path: Assets/Materials/Sep20^10.mat
  artifactKey: Guid(623c8ecb420b08947b7430030eb53ee9) Importer(815301076,1909f56bfc062723c751e8b465ee728b)
Start importing Assets/Materials/Sep20^10.mat using Guid(623c8ecb420b08947b7430030eb53ee9) Importer(815301076,1909f56bfc062723c751e8b465ee728b) [PhysX] Initialized MultithreadedTaskDispatcher with 8 workers.
[PhysX] Initialized MultithreadedTaskDispatcher with 8 workers.
 -> (artifact id: '5309083a073e984696630312f59d7e4b') in 0.004471 seconds
Number of updated asset objects reloaded before import = 0
Number of asset objects unloaded after import = 2
========================================================================
Received Import Request.
  Time since last request: 0.000144 seconds.
  path: Assets/Materials/Atlas_3.mat
  artifactKey: Guid(6c404478952cc8c499547a60cea7c99b) Importer(815301076,1909f56bfc062723c751e8b465ee728b)
Start importing Assets/Materials/Atlas_3.mat using Guid(6c404478952cc8c499547a60cea7c99b) Importer(815301076,1909f56bfc062723c751e8b465ee728b) [PhysX] Initialized MultithreadedTaskDispatcher with 8 workers.
[PhysX] Initialized MultithreadedTaskDispatcher with 8 workers.
 -> (artifact id: 'd88ef726a60662e02e01fdee87ec46db') in 0.006216 seconds
Number of updated asset objects reloaded before import = 0
Number of asset objects unloaded after import = 2
========================================================================
Received Import Request.
  Time since last request: 0.000100 seconds.
  path: Assets/Materials/BRASS-2.mat
  artifactKey: Guid(76d6e25112eaf264091703af3013d9aa) Importer(815301076,1909f56bfc062723c751e8b465ee728b)
Start importing Assets/Materials/BRASS-2.mat using Guid(76d6e25112eaf264091703af3013d9aa) Importer(815301076,1909f56bfc062723c751e8b465ee728b) [PhysX] Initialized MultithreadedTaskDispatcher with 8 workers.
[PhysX] Initialized MultithreadedTaskDispatcher with 8 workers.
 -> (artifact id: 'df1d1a803d70ff5c65e8ee6fc14a368f') in 0.004138 seconds
Number of updated asset objects reloaded before import = 0
Number of asset objects unloaded after import = 1
========================================================================
Received Import Request.
  Time since last request: 0.000087 seconds.
  path: Assets/Materials/GLOW-GLASS.mat
  artifactKey: Guid(76771f8c544d883449f69f6e4a1ea7ae) Importer(815301076,1909f56bfc062723c751e8b465ee728b)
Start importing Assets/Materials/GLOW-GLASS.mat using Guid(76771f8c544d883449f69f6e4a1ea7ae) Importer(815301076,1909f56bfc062723c751e8b465ee728b) [PhysX] Initialized MultithreadedTaskDispatcher with 8 workers.
[PhysX] Initialized MultithreadedTaskDispatcher with 8 workers.
 -> (artifact id: '6a7dcd8f144e38f9b62572f927097ba8') in 0.003644 seconds
Number of updated asset objects reloaded before import = 0
Number of asset objects unloaded after import = 1
========================================================================
Received Import Request.
  Time since last request: 191.798535 seconds.
  path: Assets/Classic Picture Frame/picture.FBX
  artifactKey: Guid(fe8232f2d2f3aff44a1c3b3b1b841658) Importer(815301076,1909f56bfc062723c751e8b465ee728b)
Start importing Assets/Classic Picture Frame/picture.FBX using Guid(fe8232f2d2f3aff44a1c3b3b1b841658) Importer(815301076,1909f56bfc062723c751e8b465ee728b) [PhysX] Initialized MultithreadedTaskDispatcher with 8 workers.
[PhysX] Initialized MultithreadedTaskDispatcher with 8 workers.
[PhysX] Initialized MultithreadedTaskDispatcher with 8 workers.
 -> (artifact id: 'f3b86feaf021a45db38da072ebb0c15d') in 0.035775 seconds
Number of updated asset objects reloaded before import = 0
Number of asset objects unloaded after import = 7
========================================================================
Received Import Request.
  Time since last request: 0.000100 seconds.
  path: Assets/Classic Picture Frame/picture.prefab
  artifactKey: Guid(14691c451e07ff94cb94be3f44e72ab7) Importer(815301076,1909f56bfc062723c751e8b465ee728b)
Start importing Assets/Classic Picture Frame/picture.prefab using Guid(14691c451e07ff94cb94be3f44e72ab7) Importer(815301076,1909f56bfc062723c751e8b465ee728b) [PhysX] Initialized MultithreadedTaskDispatcher with 8 workers.
[PhysX] Initialized MultithreadedTaskDispatcher with 8 workers.
 -> (artifact id: '88f1b71776027fb6e91c96c4e44aeff3') in 0.052338 seconds
Number of updated asset objects reloaded before import = 0
Number of asset objects unloaded after import = 14
